-------------------------------------------------------------------------------
Test set: com.store.rest.controller.test.ProductControllerTest
-------------------------------------------------------------------------------
Tests run: 11, Failures: 1, Errors: 0, Skipped: 0, Time elapsed: 2.562 sec <<< FAILURE! - in com.store.rest.controller.test.ProductControllerTest
testUpdateProductByIdExisted(com.store.rest.controller.test.ProductControllerTest)  Time elapsed: 0.19 sec  <<< FAILURE!
java.lang.AssertionError: Content type not set
	at org.springframework.test.util.AssertionErrors.fail(AssertionErrors.java:35)
	at org.springframework.test.util.AssertionErrors.assertTrue(AssertionErrors.java:65)
	at org.springframework.test.web.servlet.result.ContentResultMatchers$2.match(ContentResultMatchers.java:104)
	at org.springframework.test.web.servlet.MockMvc$1.andExpect(MockMvc.java:171)
	at com.store.rest.controller.test.ProductControllerTest.testUpdateProductByIdExisted(ProductControllerTest.java:286)

