<?xml version="1.0" encoding="UTF-8"?>
<testsuite name="com.store.rest.controller.test.ProductControllerTest" time="1.59" tests="11" errors="0" skipped="0" failures="1">
  <properties>
[...]
</properties>
  <testcase name="testGetAllProductsFound" classname="com.store.rest.controller.test.ProductControllerTest" time="0.755"/>
  <testcase name="testGetProductNameFound" classname="com.store.rest.controller.test.ProductControllerTest" time="0.048"/>
  <testcase name="testGetAllProductsNotFound" classname="com.store.rest.controller.test.ProductControllerTest" time="0.048"/>
  <testcase name="testGetProductIdFound" classname="com.store.rest.controller.test.ProductControllerTest" time="0.101"/>
  <testcase name="testUpdateProductByIdExisted" classname="com.store.rest.controller.test.ProductControllerTest" time="0.19">
    <failure message="Content type not set" type="java.lang.AssertionError">java.lang.AssertionError: Content type not set
	at org.springframework.test.util.AssertionErrors.fail(AssertionErrors.java:35)
	at org.springframework.test.util.AssertionErrors.assertTrue(AssertionErrors.java:65)
	at org.springframework.test.web.servlet.result.ContentResultMatchers$2.match(ContentResultMatchers.java:104)
	at org.springframework.test.web.servlet.MockMvc$1.andExpect(MockMvc.java:171)
	at com.store.rest.controller.test.ProductControllerTest.testUpdateProductByIdExisted(ProductControllerTest.java:286)
</failure>
    <system-out><![CDATA[2016-08-23 17:03:42.205  INFO 4180 --- [           main] ilder$StaticRequestMappingHandlerMapping : Mapped "{[/product/id/{id}],methods=[PUT],produces=[application/json || application/xml]}" onto public com.store.domain.Product com.store.rest.controller.ProductController.updateProductById(com.store.domain.Product,long)
2016-08-23 17:03:42.206  INFO 4180 --- [           main] ilder$StaticRequestMappingHandlerMapping : Mapped "{[/product/sku/{sku}],methods=[PUT],consumes=[application/json]}" onto public com.store.domain.Product com.store.rest.controller.ProductController.updateProductBySku(com.store.domain.Product,java.lang.String)
2016-08-23 17:03:42.209  INFO 4180 --- [           main] ilder$StaticRequestMappingHandlerMapping : Mapped "{[/product/id/{id}],methods=[GET]}" onto public com.store.domain.Product com.store.rest.controller.ProductController.getProductById(java.lang.Long) throws com.store.exception.ProductNotFoundException
2016-08-23 17:03:42.209  INFO 4180 --- [           main] ilder$StaticRequestMappingHandlerMapping : Mapped "{[/product/name/{name}],methods=[GET]}" onto public com.store.domain.Product com.store.rest.controller.ProductController.getProductByName(java.lang.String) throws com.store.exception.ProductNotFoundException
2016-08-23 17:03:42.210  INFO 4180 --- [           main] ilder$StaticRequestMappingHandlerMapping : Mapped "{[/product/sku/{sku}],methods=[GET]}" onto public com.store.domain.Product com.store.rest.controller.ProductController.getProductBySKU(java.lang.String) throws com.store.exception.ProductNotFoundException
2016-08-23 17:03:42.210  INFO 4180 --- [           main] ilder$StaticRequestMappingHandlerMapping : Mapped "{[/products],methods=[GET]}" onto public com.store.rest.representation.ProductCollectionRepresentation com.store.rest.controller.ProductController.getProducts(java.lang.Integer,java.lang.Integer)
2016-08-23 17:03:42.239  INFO 4180 --- [           main] s.w.s.m.m.a.RequestMappingHandlerAdapter : Looking for @ControllerAdvice: org.springframework.test.web.servlet.setup.StubWebApplicationContext@7b5021d1
2016-08-23 17:03:42.251  INFO 4180 --- [           main] .m.m.a.ExceptionHandlerExceptionResolver : Detected @ExceptionHandler methods in com.store.rest.exception.RestErrorHandlerAdvice#6befbb12
2016-08-23 17:03:42.252  INFO 4180 --- [           main] o.s.mock.web.MockServletContext          : Initializing Spring FrameworkServlet ''
2016-08-23 17:03:42.253  INFO 4180 --- [           main] o.s.t.web.servlet.TestDispatcherServlet  : FrameworkServlet '': initialization started
2016-08-23 17:03:42.253  INFO 4180 --- [           main] o.s.t.web.servlet.TestDispatcherServlet  : FrameworkServlet '': initialization completed in 0 ms
]]></system-out>
  </testcase>
  <testcase name="testGetProductNameNotFound" classname="com.store.rest.controller.test.ProductControllerTest" time="0.06"/>
  <testcase name="testGetProductSkuFound" classname="com.store.rest.controller.test.ProductControllerTest" time="0.177"/>
  <testcase name="testUpdateProductByIdNotExisted" classname="com.store.rest.controller.test.ProductControllerTest" time="0"/>
  <testcase name="testGetProductIdNotFound" classname="com.store.rest.controller.test.ProductControllerTest" time="0.094"/>
  <testcase name="testUpdateProductBySkuNotExisted" classname="com.store.rest.controller.test.ProductControllerTest" time="0.067"/>
  <testcase name="testGetProductSkuNotFound" classname="com.store.rest.controller.test.ProductControllerTest" time="0.05"/>
</testsuite>