<?xml version="1.0" encoding="UTF-8"?>
<testsuite name="com.store.rest.controller.test.ProductControllerTest" time="1.59" tests="11" errors="0" skipped="0" failures="1">
  <properties>
    <property name="java.runtime.name" value="Java(TM) SE Runtime Environment"/>
    <property name="sun.boot.library.path" value="C:\Program Files\Java\jdk1.8.0_25\jre\bin"/>
    <property name="java.vm.version" value="25.25-b02"/>
    <property name="java.vm.vendor" value="Oracle Corporation"/>
    <property name="java.vendor.url" value="http://java.oracle.com/"/>
    <property name="path.separator" value=";"/>
    <property name="guice.disable.misplaced.annotation.check" value="true"/>
    <property name="java.vm.name" value="Java HotSpot(TM) 64-Bit Server VM"/>
    <property name="file.encoding.pkg" value="sun.io"/>
    <property name="user.script" value=""/>
    <property name="user.country" value="US"/>
    <property name="sun.java.launcher" value="SUN_STANDARD"/>
    <property name="sun.os.patch.level" value="Service Pack 1"/>
    <property name="java.vm.specification.name" value="Java Virtual Machine Specification"/>
    <property name="user.dir" value="C:\Users\youssefmer\workspace\store"/>
    <property name="java.runtime.version" value="1.8.0_25-b18"/>
    <property name="java.awt.graphicsenv" value="sun.awt.Win32GraphicsEnvironment"/>
    <property name="java.endorsed.dirs" value="C:\Program Files\Java\jdk1.8.0_25\jre\lib\endorsed"/>
    <property name="os.arch" value="amd64"/>
    <property name="java.io.tmpdir" value="C:\Users\YOUSSE~1\AppData\Local\Temp\"/>
    <property name="line.separator" value="&#10;"/>
    <property name="java.vm.specification.vendor" value="Oracle Corporation"/>
    <property name="user.variant" value=""/>
    <property name="os.name" value="Windows 7"/>
    <property name="classworlds.conf" value="C:\Users\youssefmer\workspace\.metadata\.plugins\org.eclipse.m2e.launching\launches\m2conf2638806862753487.tmp"/>
    <property name="sun.jnu.encoding" value="Cp1252"/>
    <property name="java.library.path" value="C:\Program Files\Java\jdk1.8.0_25\bin;C:\Windows\Sun\Java\bin;C:\Windows\system32;C:\Windows;C:/Program Files/Java/bin/server;C:/Program Files/Java/bin;C:/Program Files/Java/lib/amd64;C:\Program Files (x86)\RSA SecurID Token Common;C:\ProgramData\Oracle\Java\javapath;C:\Program Files\Java\jdk1.8.0_25\bin;C:\ProgramData\Oracle\Java\javapath\javaw;C:\Program Files\Common Files\Microsoft Shared\Windows Live;C:\Program Files (x86)\Common Files\Microsoft Shared\Windows Live;C:\Windows\system32;C:\Windows;C:\Windows\System32\Wbem;C:\Windows\System32\WindowsPowerShell\v1.0\;C:\Program Files\Intel\WiFi\bin\;C:\Program Files\Common Files\Intel\WirelessCommon\;C:\Program Files (x86)\Windows Live\Shared;C:\Program Files (x86)\Common Files\Roxio Shared\DLLShared\;C:\Program Files (x86)\Common Files\Roxio Shared\OEM\DLLShared\;C:\Program Files (x86)\Common Files\Roxio Shared\OEM\DLLShared\;C:\Program Files (x86)\Common Files\Roxio Shared\OEM\12.0\DLLShared\;C:\ant\bin;C:\Program Files (x86)\Roxio\OEM\AudioCore\;C:\Users\youssefmer\maven\bin;C:\Program Files (x86)\scala\bin;C:\Program Files (x86)\Skype\Phone\;C:\cygwin64\bin;C:\Python\Python36;C:\Python\Python36\Scripts;C:\Ruby192\bin;C:\Program Files\Java\jdk1.8.0_25\bin;C:\Git\cmd;C:\Users\youssefmer\Desktop\eclipse;;."/>
    <property name="java.specification.name" value="Java Platform API Specification"/>
    <property name="java.class.version" value="52.0"/>
    <property name="sun.management.compiler" value="HotSpot 64-Bit Tiered Compilers"/>
    <property name="os.version" value="6.1"/>
    <property name="user.home" value="C:\Users\youssefmer"/>
    <property name="user.timezone" value="America/Chicago"/>
    <property name="java.awt.printerjob" value="sun.awt.windows.WPrinterJob"/>
    <property name="java.specification.version" value="1.8"/>
    <property name="file.encoding" value="Cp1252"/>
    <property name="user.name" value="youssefmer"/>
    <property name="java.class.path" value="/C:/Users/youssefmer/Desktop/eclipse/plugins/org.eclipse.m2e.maven.runtime_1.5.1.20150109-1819/jars/plexus-classworlds-2.5.1.jar"/>
    <property name="org.slf4j.simpleLogger.defaultLogLevel" value="info"/>
    <property name="java.vm.specification.version" value="1.8"/>
    <property name="sun.arch.data.model" value="64"/>
    <property name="java.home" value="C:\Program Files\Java\jdk1.8.0_25\jre"/>
    <property name="sun.java.command" value="org.codehaus.plexus.classworlds.launcher.Launcher -B install"/>
    <property name="java.specification.vendor" value="Oracle Corporation"/>
    <property name="user.language" value="en"/>
    <property name="awt.toolkit" value="sun.awt.windows.WToolkit"/>
    <property name="java.vm.info" value="mixed mode"/>
    <property name="java.version" value="1.8.0_25"/>
    <property name="java.ext.dirs" value="C:\Program Files\Java\jdk1.8.0_25\jre\lib\ext;C:\Windows\Sun\Java\lib\ext"/>
    <property name="sun.boot.class.path" value="C:\Program Files\Java\jdk1.8.0_25\jre\lib\resources.jar;C:\Program Files\Java\jdk1.8.0_25\jre\lib\rt.jar;C:\Program Files\Java\jdk1.8.0_25\jre\lib\sunrsasign.jar;C:\Program Files\Java\jdk1.8.0_25\jre\lib\jsse.jar;C:\Program Files\Java\jdk1.8.0_25\jre\lib\jce.jar;C:\Program Files\Java\jdk1.8.0_25\jre\lib\charsets.jar;C:\Program Files\Java\jdk1.8.0_25\jre\lib\jfr.jar;C:\Program Files\Java\jdk1.8.0_25\jre\classes"/>
    <property name="java.vendor" value="Oracle Corporation"/>
    <property name="maven.home" value="C:\Users\youssefmer\workspace\store\EMBEDDED"/>
    <property name="file.separator" value="\"/>
    <property name="java.vendor.url.bug" value="http://bugreport.sun.com/bugreport/"/>
    <property name="sun.cpu.endian" value="little"/>
    <property name="sun.io.unicode.encoding" value="UnicodeLittle"/>
    <property name="sun.desktop" value="windows"/>
    <property name="sun.cpu.isalist" value="amd64"/>
  </properties>
  <testcase name="testGetAllProductsFound" classname="com.store.rest.controller.test.ProductControllerTest" time="0.755"/>
  <testcase name="testGetProductNameFound" classname="com.store.rest.controller.test.ProductControllerTest" time="0.048"/>
  <testcase name="testGetAllProductsNotFound" classname="com.store.rest.controller.test.ProductControllerTest" time="0.048"/>
  <testcase name="testGetProductIdFound" classname="com.store.rest.controller.test.ProductControllerTest" time="0.101"/>
  <testcase name="testUpdateProductByIdExisted" classname="com.store.rest.controller.test.ProductControllerTest" time="0.19">
    <failure message="Content type not set" type="java.lang.AssertionError">java.lang.AssertionError: Content type not set
	at org.springframework.test.util.AssertionErrors.fail(AssertionErrors.java:35)
	at org.springframework.test.util.AssertionErrors.assertTrue(AssertionErrors.java:65)
	at org.springframework.test.web.servlet.result.ContentResultMatchers$2.match(ContentResultMatchers.java:104)
	at org.springframework.test.web.servlet.MockMvc$1.andExpect(MockMvc.java:171)
	at com.store.rest.controller.test.ProductControllerTest.testUpdateProductByIdExisted(ProductControllerTest.java:286)
</failure>
    <system-out><![CDATA[2016-08-23 17:03:42.205  INFO 4180 --- [           main] ilder$StaticRequestMappingHandlerMapping : Mapped "{[/product/id/{id}],methods=[PUT],produces=[application/json || application/xml]}" onto public com.store.domain.Product com.store.rest.controller.ProductController.updateProductById(com.store.domain.Product,long)
2016-08-23 17:03:42.206  INFO 4180 --- [           main] ilder$StaticRequestMappingHandlerMapping : Mapped "{[/product/sku/{sku}],methods=[PUT],consumes=[application/json]}" onto public com.store.domain.Product com.store.rest.controller.ProductController.updateProductBySku(com.store.domain.Product,java.lang.String)
2016-08-23 17:03:42.209  INFO 4180 --- [           main] ilder$StaticRequestMappingHandlerMapping : Mapped "{[/product/id/{id}],methods=[GET]}" onto public com.store.domain.Product com.store.rest.controller.ProductController.getProductById(java.lang.Long) throws com.store.exception.ProductNotFoundException
2016-08-23 17:03:42.209  INFO 4180 --- [           main] ilder$StaticRequestMappingHandlerMapping : Mapped "{[/product/name/{name}],methods=[GET]}" onto public com.store.domain.Product com.store.rest.controller.ProductController.getProductByName(java.lang.String) throws com.store.exception.ProductNotFoundException
2016-08-23 17:03:42.210  INFO 4180 --- [           main] ilder$StaticRequestMappingHandlerMapping : Mapped "{[/product/sku/{sku}],methods=[GET]}" onto public com.store.domain.Product com.store.rest.controller.ProductController.getProductBySKU(java.lang.String) throws com.store.exception.ProductNotFoundException
2016-08-23 17:03:42.210  INFO 4180 --- [           main] ilder$StaticRequestMappingHandlerMapping : Mapped "{[/products],methods=[GET]}" onto public com.store.rest.representation.ProductCollectionRepresentation com.store.rest.controller.ProductController.getProducts(java.lang.Integer,java.lang.Integer)
2016-08-23 17:03:42.239  INFO 4180 --- [           main] s.w.s.m.m.a.RequestMappingHandlerAdapter : Looking for @ControllerAdvice: org.springframework.test.web.servlet.setup.StubWebApplicationContext@7b5021d1
2016-08-23 17:03:42.251  INFO 4180 --- [           main] .m.m.a.ExceptionHandlerExceptionResolver : Detected @ExceptionHandler methods in com.store.rest.exception.RestErrorHandlerAdvice#6befbb12
2016-08-23 17:03:42.252  INFO 4180 --- [           main] o.s.mock.web.MockServletContext          : Initializing Spring FrameworkServlet ''
2016-08-23 17:03:42.253  INFO 4180 --- [           main] o.s.t.web.servlet.TestDispatcherServlet  : FrameworkServlet '': initialization started
2016-08-23 17:03:42.253  INFO 4180 --- [           main] o.s.t.web.servlet.TestDispatcherServlet  : FrameworkServlet '': initialization completed in 0 ms
]]></system-out>
  </testcase>
  <testcase name="testGetProductNameNotFound" classname="com.store.rest.controller.test.ProductControllerTest" time="0.06"/>
  <testcase name="testGetProductSkuFound" classname="com.store.rest.controller.test.ProductControllerTest" time="0.177"/>
  <testcase name="testUpdateProductByIdNotExisted" classname="com.store.rest.controller.test.ProductControllerTest" time="0"/>
  <testcase name="testGetProductIdNotFound" classname="com.store.rest.controller.test.ProductControllerTest" time="0.094"/>
  <testcase name="testUpdateProductBySkuNotExisted" classname="com.store.rest.controller.test.ProductControllerTest" time="0.067"/>
  <testcase name="testGetProductSkuNotFound" classname="com.store.rest.controller.test.ProductControllerTest" time="0.05"/>
</testsuite>