<?xml version="1.0" encoding="UTF-8"?>
<testsuite name="com.store.repository.test.CategoryRepositoryTest" time="7.514" tests="3" errors="0" skipped="0" failures="2">
  <properties>
    <property name="java.runtime.name" value="Java(TM) SE Runtime Environment"/>
    <property name="sun.boot.library.path" value="C:\Program Files\Java\jdk1.8.0_25\jre\bin"/>
    <property name="java.vm.version" value="25.25-b02"/>
    <property name="java.vm.vendor" value="Oracle Corporation"/>
    <property name="maven.multiModuleProjectDirectory" value="C:\Users\youssefmer\git\store"/>
    <property name="java.vendor.url" value="http://java.oracle.com/"/>
    <property name="path.separator" value=";"/>
    <property name="guice.disable.misplaced.annotation.check" value="true"/>
    <property name="java.vm.name" value="Java HotSpot(TM) 64-Bit Server VM"/>
    <property name="file.encoding.pkg" value="sun.io"/>
    <property name="user.script" value=""/>
    <property name="user.country" value="US"/>
    <property name="sun.java.launcher" value="SUN_STANDARD"/>
    <property name="sun.os.patch.level" value="Service Pack 1"/>
    <property name="java.vm.specification.name" value="Java Virtual Machine Specification"/>
    <property name="user.dir" value="C:\Users\youssefmer\git\store"/>
    <property name="java.runtime.version" value="1.8.0_25-b18"/>
    <property name="java.awt.graphicsenv" value="sun.awt.Win32GraphicsEnvironment"/>
    <property name="java.endorsed.dirs" value="C:\Program Files\Java\jdk1.8.0_25\jre\lib\endorsed"/>
    <property name="os.arch" value="amd64"/>
    <property name="java.io.tmpdir" value="C:\Users\YOUSSE~1\AppData\Local\Temp\"/>
    <property name="line.separator" value="&#10;"/>
    <property name="java.vm.specification.vendor" value="Oracle Corporation"/>
    <property name="user.variant" value=""/>
    <property name="os.name" value="Windows 7"/>
    <property name="classworlds.conf" value="C:\Users\youssefmer\workspace\.metadata\.plugins\org.eclipse.m2e.launching\launches\m2conf5891640414443071453.tmp"/>
    <property name="sun.jnu.encoding" value="Cp1252"/>
    <property name="java.library.path" value="C:\Program Files\Java\jdk1.8.0_25\bin;C:\Windows\Sun\Java\bin;C:\Windows\system32;C:\Windows;C:/Program Files/Java/bin/server;C:/Program Files/Java/bin;C:/Program Files/Java/lib/amd64;C:\Program Files (x86)\RSA SecurID Token Common;C:\ProgramData\Oracle\Java\javapath;C:\Program Files\Java\jdk1.8.0_25\bin;C:\ProgramData\Oracle\Java\javapath\javaw;C:\Program Files\Common Files\Microsoft Shared\Windows Live;C:\Program Files (x86)\Common Files\Microsoft Shared\Windows Live;C:\Windows\system32;C:\Windows;C:\Windows\System32\Wbem;C:\Windows\System32\WindowsPowerShell\v1.0\;C:\Program Files\Intel\WiFi\bin\;C:\Program Files\Common Files\Intel\WirelessCommon\;C:\Program Files (x86)\Windows Live\Shared;C:\Program Files (x86)\Common Files\Roxio Shared\DLLShared\;C:\Program Files (x86)\Common Files\Roxio Shared\OEM\DLLShared\;C:\Program Files (x86)\Common Files\Roxio Shared\OEM\DLLShared\;C:\Program Files (x86)\Common Files\Roxio Shared\OEM\12.0\DLLShared\;C:\ant\bin;C:\Program Files (x86)\Roxio\OEM\AudioCore\;C:\Users\youssefmer\maven\bin;C:\Program Files (x86)\scala\bin;C:\Program Files (x86)\Skype\Phone\;C:\cygwin64\bin;C:\Python\Python36;C:\Python\Python36\Scripts;C:\Ruby192\bin;C:\Program Files\Java\jdk1.8.0_25\bin;C:\Git\cmd;C:\Users\youssefmer\Desktop\eclipse;;."/>
    <property name="java.specification.name" value="Java Platform API Specification"/>
    <property name="java.class.version" value="52.0"/>
    <property name="sun.management.compiler" value="HotSpot 64-Bit Tiered Compilers"/>
    <property name="os.version" value="6.1"/>
    <property name="user.home" value="C:\Users\youssefmer"/>
    <property name="user.timezone" value="America/Chicago"/>
    <property name="java.awt.printerjob" value="sun.awt.windows.WPrinterJob"/>
    <property name="java.specification.version" value="1.8"/>
    <property name="file.encoding" value="Cp1252"/>
    <property name="user.name" value="youssefmer"/>
    <property name="java.class.path" value="/C:/Users/youssefmer/Desktop/eclipse/plugins/org.eclipse.m2e.maven.runtime_1.7.0.20160603-1931/jars/plexus-classworlds-2.5.2.jar"/>
    <property name="java.vm.specification.version" value="1.8"/>
    <property name="sun.arch.data.model" value="64"/>
    <property name="java.home" value="C:\Program Files\Java\jdk1.8.0_25\jre"/>
    <property name="sun.java.command" value="org.codehaus.plexus.classworlds.launcher.Launcher -B install"/>
    <property name="java.specification.vendor" value="Oracle Corporation"/>
    <property name="user.language" value="en"/>
    <property name="awt.toolkit" value="sun.awt.windows.WToolkit"/>
    <property name="java.vm.info" value="mixed mode"/>
    <property name="java.version" value="1.8.0_25"/>
    <property name="java.ext.dirs" value="C:\Program Files\Java\jdk1.8.0_25\jre\lib\ext;C:\Windows\Sun\Java\lib\ext"/>
    <property name="sun.boot.class.path" value="C:\Program Files\Java\jdk1.8.0_25\jre\lib\resources.jar;C:\Program Files\Java\jdk1.8.0_25\jre\lib\rt.jar;C:\Program Files\Java\jdk1.8.0_25\jre\lib\sunrsasign.jar;C:\Program Files\Java\jdk1.8.0_25\jre\lib\jsse.jar;C:\Program Files\Java\jdk1.8.0_25\jre\lib\jce.jar;C:\Program Files\Java\jdk1.8.0_25\jre\lib\charsets.jar;C:\Program Files\Java\jdk1.8.0_25\jre\lib\jfr.jar;C:\Program Files\Java\jdk1.8.0_25\jre\classes"/>
    <property name="java.vendor" value="Oracle Corporation"/>
    <property name="maven.home" value="C:\Users\youssefmer\git\store\EMBEDDED"/>
    <property name="file.separator" value="\"/>
    <property name="java.vendor.url.bug" value="http://bugreport.sun.com/bugreport/"/>
    <property name="sun.cpu.endian" value="little"/>
    <property name="sun.io.unicode.encoding" value="UnicodeLittle"/>
    <property name="sun.desktop" value="windows"/>
    <property name="sun.cpu.isalist" value="amd64"/>
  </properties>
  <testcase name="findAllShouldReturnCategories" classname="com.store.repository.test.CategoryRepositoryTest" time="7.358">
    <failure message="expected:&lt;-[3]&gt; but was:&lt;-[1]&gt;" type="org.junit.ComparisonFailure"><![CDATA[org.junit.ComparisonFailure: expected:<-[3]> but was:<-[1]>
	at sun.reflect.NativeConstructorAccessorImpl.newInstance0(Native Method)
	at sun.reflect.NativeConstructorAccessorImpl.newInstance(NativeConstructorAccessorImpl.java:62)
	at sun.reflect.DelegatingConstructorAccessorImpl.newInstance(DelegatingConstructorAccessorImpl.java:45)
	at com.store.repository.test.CategoryRepositoryTest.findAllShouldReturnCategories(CategoryRepositoryTest.java:90)
]]></failure>
    <system-out><![CDATA[22:15:20.216 [main] DEBUG org.springframework.test.context.junit4.SpringJUnit4ClassRunner - SpringJUnit4ClassRunner constructor called with [class com.store.repository.test.CategoryRepositoryTest]
22:15:20.355 [main] DEBUG org.springframework.test.context.BootstrapUtils - Instantiating CacheAwareContextLoaderDelegate from class [org.springframework.test.context.cache.DefaultCacheAwareContextLoaderDelegate]
22:15:20.370 [main] DEBUG org.springframework.test.context.BootstrapUtils - Instantiating BootstrapContext using constructor [public org.springframework.test.context.support.DefaultBootstrapContext(java.lang.Class,org.springframework.test.context.CacheAwareContextLoaderDelegate)]
22:15:20.410 [main] DEBUG org.springframework.test.context.BootstrapUtils - Instantiating TestContextBootstrapper for test class [com.store.repository.test.CategoryRepositoryTest] from class [org.springframework.boot.test.context.SpringBootTestContextBootstrapper]
22:15:20.572 [main] INFO org.springframework.boot.test.context.SpringBootTestContextBootstrapper - Neither @ContextConfiguration nor @ContextHierarchy found for test class [com.store.repository.test.CategoryRepositoryTest], using SpringBootContextLoader
22:15:20.586 [main] DEBUG org.springframework.test.context.support.AbstractContextLoader - Did not detect default resource location for test class [com.store.repository.test.CategoryRepositoryTest]: class path resource [com/store/repository/test/CategoryRepositoryTest-context.xml] does not exist
22:15:20.588 [main] DEBUG org.springframework.test.context.support.AbstractContextLoader - Did not detect default resource location for test class [com.store.repository.test.CategoryRepositoryTest]: class path resource [com/store/repository/test/CategoryRepositoryTestContext.groovy] does not exist
22:15:20.589 [main] INFO org.springframework.test.context.support.AbstractContextLoader - Could not detect default resource locations for test class [com.store.repository.test.CategoryRepositoryTest]: no resource found for suffixes {-context.xml, Context.groovy}.
22:15:20.592 [main] INFO org.springframework.test.context.support.AnnotationConfigContextLoaderUtils - Could not detect default configuration classes for test class [com.store.repository.test.CategoryRepositoryTest]: CategoryRepositoryTest does not declare any static, non-private, non-final, nested classes annotated with @Configuration.
22:15:20.937 [main] DEBUG org.springframework.test.context.support.ActiveProfilesUtils - Could not find an 'annotation declaring class' for annotation type [org.springframework.test.context.ActiveProfiles] and class [com.store.repository.test.CategoryRepositoryTest]
22:15:21.310 [main] DEBUG org.springframework.core.env.StandardEnvironment - Adding [systemProperties] PropertySource with lowest search precedence
22:15:21.358 [main] DEBUG org.springframework.core.env.StandardEnvironment - Adding [systemEnvironment] PropertySource with lowest search precedence
22:15:21.358 [main] DEBUG org.springframework.core.env.StandardEnvironment - Initialized StandardEnvironment with PropertySources [systemProperties,systemEnvironment]
22:15:21.394 [main] DEBUG org.springframework.core.io.support.PathMatchingResourcePatternResolver - Resolved classpath location [com/store/repository/test/] to resources [URL [file:/C:/Users/youssefmer/git/store/target/test-classes/com/store/repository/test/]]
22:15:21.396 [main] DEBUG org.springframework.core.io.support.PathMatchingResourcePatternResolver - Looking for matching resources in directory tree [C:\Users\youssefmer\git\store\target\test-classes\com\store\repository\test]
22:15:21.397 [main] DEBUG org.springframework.core.io.support.PathMatchingResourcePatternResolver - Searching directory [C:\Users\youssefmer\git\store\target\test-classes\com\store\repository\test] for files matching pattern [C:/Users/youssefmer/git/store/target/test-classes/com/store/repository/test/*.class]
22:15:21.458 [main] DEBUG org.springframework.core.io.support.PathMatchingResourcePatternResolver - Resolved location pattern [classpath*:com/store/repository/test/*.class] to resources [file [C:\Users\youssefmer\git\store\target\test-classes\com\store\repository\test\CategoryRepositoryTest.class], file [C:\Users\youssefmer\git\store\target\test-classes\com\store\repository\test\ProductRepositoryTest.class]]
22:15:21.574 [main] DEBUG org.springframework.core.io.support.PathMatchingResourcePatternResolver - Resolved classpath location [com/store/repository/] to resources [URL [file:/C:/Users/youssefmer/git/store/target/test-classes/com/store/repository/], URL [file:/C:/Users/youssefmer/git/store/target/classes/com/store/repository/]]
22:15:21.575 [main] DEBUG org.springframework.core.io.support.PathMatchingResourcePatternResolver - Looking for matching resources in directory tree [C:\Users\youssefmer\git\store\target\test-classes\com\store\repository]
22:15:21.575 [main] DEBUG org.springframework.core.io.support.PathMatchingResourcePatternResolver - Searching directory [C:\Users\youssefmer\git\store\target\test-classes\com\store\repository] for files matching pattern [C:/Users/youssefmer/git/store/target/test-classes/com/store/repository/*.class]
22:15:21.576 [main] DEBUG org.springframework.core.io.support.PathMatchingResourcePatternResolver - Looking for matching resources in directory tree [C:\Users\youssefmer\git\store\target\classes\com\store\repository]
22:15:21.577 [main] DEBUG org.springframework.core.io.support.PathMatchingResourcePatternResolver - Searching directory [C:\Users\youssefmer\git\store\target\classes\com\store\repository] for files matching pattern [C:/Users/youssefmer/git/store/target/classes/com/store/repository/*.class]
22:15:21.578 [main] DEBUG org.springframework.core.io.support.PathMatchingResourcePatternResolver - Resolved location pattern [classpath*:com/store/repository/*.class] to resources [file [C:\Users\youssefmer\git\store\target\classes\com\store\repository\CategoryRepository.class], file [C:\Users\youssefmer\git\store\target\classes\com\store\repository\ProductRepository.class]]
22:15:21.633 [main] DEBUG org.springframework.core.io.support.PathMatchingResourcePatternResolver - Resolved classpath location [com/store/] to resources [URL [file:/C:/Users/youssefmer/git/store/target/test-classes/com/store/], URL [file:/C:/Users/youssefmer/git/store/target/classes/com/store/]]
22:15:21.634 [main] DEBUG org.springframework.core.io.support.PathMatchingResourcePatternResolver - Looking for matching resources in directory tree [C:\Users\youssefmer\git\store\target\test-classes\com\store]
22:15:21.634 [main] DEBUG org.springframework.core.io.support.PathMatchingResourcePatternResolver - Searching directory [C:\Users\youssefmer\git\store\target\test-classes\com\store] for files matching pattern [C:/Users/youssefmer/git/store/target/test-classes/com/store/*.class]
22:15:21.636 [main] DEBUG org.springframework.core.io.support.PathMatchingResourcePatternResolver - Looking for matching resources in directory tree [C:\Users\youssefmer\git\store\target\classes\com\store]
22:15:21.637 [main] DEBUG org.springframework.core.io.support.PathMatchingResourcePatternResolver - Searching directory [C:\Users\youssefmer\git\store\target\classes\com\store] for files matching pattern [C:/Users/youssefmer/git/store/target/classes/com/store/*.class]
22:15:21.641 [main] DEBUG org.springframework.core.io.support.PathMatchingResourcePatternResolver - Resolved location pattern [classpath*:com/store/*.class] to resources [file [C:\Users\youssefmer\git\store\target\classes\com\store\StoreApplication.class]]
22:15:21.809 [main] DEBUG org.springframework.context.annotation.ClassPathScanningCandidateComponentProvider - Identified candidate component class: file [C:\Users\youssefmer\git\store\target\classes\com\store\StoreApplication.class]
22:15:21.811 [main] INFO org.springframework.boot.test.context.SpringBootTestContextBootstrapper - Found @SpringBootConfiguration com.store.StoreApplication for test class com.store.repository.test.CategoryRepositoryTest
22:15:21.820 [main] DEBUG org.springframework.boot.test.context.SpringBootTestContextBootstrapper - @TestExecutionListeners is not present for class [com.store.repository.test.CategoryRepositoryTest]: using defaults.
22:15:21.915 [main] INFO org.springframework.boot.test.context.SpringBootTestContextBootstrapper - Loaded default TestExecutionListener class names from location [META-INF/spring.factories]: [org.springframework.boot.test.mock.mockito.MockitoTestExecutionListener, org.springframework.boot.test.mock.mockito.ResetMocksTestExecutionListener, org.springframework.boot.test.autoconfigure.AutoConfigureReportTestExecutionListener, org.springframework.boot.test.autoconfigure.restdocs.RestDocsTestExecutionListener, org.springframework.boot.test.autoconfigure.web.client.MockRestServiceServerResetTestExecutionListener, org.springframework.test.context.web.ServletTestExecutionListener, org.springframework.test.context.support.DirtiesContextBeforeModesTestExecutionListener, org.springframework.test.context.support.DependencyInjectionTestExecutionListener, org.springframework.test.context.support.DirtiesContextTestExecutionListener, org.springframework.test.context.transaction.TransactionalTestExecutionListener, org.springframework.test.context.jdbc.SqlScriptsTestExecutionListener]
22:15:22.058 [main] INFO org.springframework.boot.test.context.SpringBootTestContextBootstrapper - Using TestExecutionListeners: [org.springframework.test.context.web.ServletTestExecutionListener@60dcc9fe, org.springframework.test.context.support.DirtiesContextBeforeModesTestExecutionListener@222114ba, org.springframework.boot.test.autoconfigure.AutoConfigureReportTestExecutionListener@16e7dcfd, org.springframework.test.context.support.DependencyInjectionTestExecutionListener@3d121db3, org.springframework.test.context.support.DirtiesContextTestExecutionListener@3b07a0d6, org.springframework.test.context.transaction.TransactionalTestExecutionListener@11a9e7c8, org.springframework.test.context.jdbc.SqlScriptsTestExecutionListener@3901d134, org.springframework.boot.test.autoconfigure.restdocs.RestDocsTestExecutionListener@14d3bc22, org.springframework.boot.test.mock.mockito.MockitoTestExecutionListener@12d4bf7e, org.springframework.boot.test.autoconfigure.web.client.MockRestServiceServerResetTestExecutionListener@4c1d9d4b, org.springframework.boot.test.mock.mockito.ResetMocksTestExecutionListener@7b227d8d]
22:15:22.062 [main] DEBUG org.springframework.test.context.junit4.SpringJUnit4ClassRunner - SpringJUnit4ClassRunner constructor called with [class com.store.repository.test.ProductRepositoryTest]
22:15:22.063 [main] DEBUG org.springframework.test.context.BootstrapUtils - Instantiating CacheAwareContextLoaderDelegate from class [org.springframework.test.context.cache.DefaultCacheAwareContextLoaderDelegate]
22:15:22.063 [main] DEBUG org.springframework.test.context.BootstrapUtils - Instantiating BootstrapContext using constructor [public org.springframework.test.context.support.DefaultBootstrapContext(java.lang.Class,org.springframework.test.context.CacheAwareContextLoaderDelegate)]
22:15:22.071 [main] DEBUG org.springframework.test.context.BootstrapUtils - Instantiating TestContextBootstrapper for test class [com.store.repository.test.ProductRepositoryTest] from class [org.springframework.boot.test.context.SpringBootTestContextBootstrapper]
22:15:22.074 [main] INFO org.springframework.boot.test.context.SpringBootTestContextBootstrapper - Neither @ContextConfiguration nor @ContextHierarchy found for test class [com.store.repository.test.ProductRepositoryTest], using SpringBootContextLoader
22:15:22.076 [main] DEBUG org.springframework.test.context.support.AbstractContextLoader - Did not detect default resource location for test class [com.store.repository.test.ProductRepositoryTest]: class path resource [com/store/repository/test/ProductRepositoryTest-context.xml] does not exist
22:15:22.077 [main] DEBUG org.springframework.test.context.support.AbstractContextLoader - Did not detect default resource location for test class [com.store.repository.test.ProductRepositoryTest]: class path resource [com/store/repository/test/ProductRepositoryTestContext.groovy] does not exist
22:15:22.078 [main] INFO org.springframework.test.context.support.AbstractContextLoader - Could not detect default resource locations for test class [com.store.repository.test.ProductRepositoryTest]: no resource found for suffixes {-context.xml, Context.groovy}.
22:15:22.079 [main] INFO org.springframework.test.context.support.AnnotationConfigContextLoaderUtils - Could not detect default configuration classes for test class [com.store.repository.test.ProductRepositoryTest]: ProductRepositoryTest does not declare any static, non-private, non-final, nested classes annotated with @Configuration.
22:15:22.109 [main] DEBUG org.springframework.test.context.support.ActiveProfilesUtils - Could not find an 'annotation declaring class' for annotation type [org.springframework.test.context.ActiveProfiles] and class [com.store.repository.test.ProductRepositoryTest]
22:15:22.111 [main] DEBUG org.springframework.core.env.StandardEnvironment - Adding [systemProperties] PropertySource with lowest search precedence
22:15:22.112 [main] DEBUG org.springframework.core.env.StandardEnvironment - Adding [systemEnvironment] PropertySource with lowest search precedence
22:15:22.112 [main] DEBUG org.springframework.core.env.StandardEnvironment - Initialized StandardEnvironment with PropertySources [systemProperties,systemEnvironment]
22:15:22.113 [main] INFO org.springframework.boot.test.context.SpringBootTestContextBootstrapper - Found @SpringBootConfiguration com.store.StoreApplication for test class com.store.repository.test.ProductRepositoryTest
22:15:22.117 [main] DEBUG org.springframework.boot.test.context.SpringBootTestContextBootstrapper - @TestExecutionListeners is not present for class [com.store.repository.test.ProductRepositoryTest]: using defaults.
22:15:22.126 [main] INFO org.springframework.boot.test.context.SpringBootTestContextBootstrapper - Loaded default TestExecutionListener class names from location [META-INF/spring.factories]: [org.springframework.boot.test.mock.mockito.MockitoTestExecutionListener, org.springframework.boot.test.mock.mockito.ResetMocksTestExecutionListener, org.springframework.boot.test.autoconfigure.AutoConfigureReportTestExecutionListener, org.springframework.boot.test.autoconfigure.restdocs.RestDocsTestExecutionListener, org.springframework.boot.test.autoconfigure.web.client.MockRestServiceServerResetTestExecutionListener, org.springframework.test.context.web.ServletTestExecutionListener, org.springframework.test.context.support.DirtiesContextBeforeModesTestExecutionListener, org.springframework.test.context.support.DependencyInjectionTestExecutionListener, org.springframework.test.context.support.DirtiesContextTestExecutionListener, org.springframework.test.context.transaction.TransactionalTestExecutionListener, org.springframework.test.context.jdbc.SqlScriptsTestExecutionListener]
22:15:22.127 [main] INFO org.springframework.boot.test.context.SpringBootTestContextBootstrapper - Using TestExecutionListeners: [org.springframework.test.context.web.ServletTestExecutionListener@56de5251, org.springframework.test.context.support.DirtiesContextBeforeModesTestExecutionListener@419c5f1a, org.springframework.boot.test.autoconfigure.AutoConfigureReportTestExecutionListener@12b0404f, org.springframework.test.context.support.DependencyInjectionTestExecutionListener@769e7ee8, org.springframework.test.context.support.DirtiesContextTestExecutionListener@5276e6b0, org.springframework.test.context.transaction.TransactionalTestExecutionListener@71b1176b, org.springframework.test.context.jdbc.SqlScriptsTestExecutionListener@6193932a, org.springframework.boot.test.autoconfigure.restdocs.RestDocsTestExecutionListener@647fd8ce, org.springframework.boot.test.mock.mockito.MockitoTestExecutionListener@159f197, org.springframework.boot.test.autoconfigure.web.client.MockRestServiceServerResetTestExecutionListener@78aab498, org.springframework.boot.test.mock.mockito.ResetMocksTestExecutionListener@5dd6264]
22:15:22.754 [main] DEBUG org.springframework.test.context.junit4.SpringJUnit4ClassRunner - SpringJUnit4ClassRunner constructor called with [class com.store.rest.controller.test.CategoryControllerTest]
22:15:22.755 [main] DEBUG org.springframework.test.context.BootstrapUtils - Instantiating CacheAwareContextLoaderDelegate from class [org.springframework.test.context.cache.DefaultCacheAwareContextLoaderDelegate]
22:15:22.755 [main] DEBUG org.springframework.test.context.BootstrapUtils - Instantiating BootstrapContext using constructor [public org.springframework.test.context.support.DefaultBootstrapContext(java.lang.Class,org.springframework.test.context.CacheAwareContextLoaderDelegate)]
22:15:22.791 [main] DEBUG org.springframework.test.context.BootstrapUtils - Instantiating TestContextBootstrapper for test class [com.store.rest.controller.test.CategoryControllerTest] from class [org.springframework.test.context.web.WebTestContextBootstrapper]
22:15:22.805 [main] INFO org.springframework.test.context.web.WebTestContextBootstrapper - Neither @ContextConfiguration nor @ContextHierarchy found for test class [com.store.rest.controller.test.CategoryControllerTest], using WebDelegatingSmartContextLoader
22:15:22.813 [main] DEBUG org.springframework.test.context.support.AbstractDelegatingSmartContextLoader - Delegating to GenericXmlWebContextLoader to process context configuration [ContextConfigurationAttributes@4f209819 declaringClass = 'com.store.rest.controller.test.CategoryControllerTest', classes = '{}', locations = '{}', inheritLocations = false, initializers = '{}', inheritInitializers = true, name = [null], contextLoaderClass = 'org.springframework.test.context.ContextLoader'].
22:15:22.815 [main] DEBUG org.springframework.test.context.support.AbstractContextLoader - Did not detect default resource location for test class [com.store.rest.controller.test.CategoryControllerTest]: class path resource [com/store/rest/controller/test/CategoryControllerTest-context.xml] does not exist
22:15:22.815 [main] INFO org.springframework.test.context.support.AbstractContextLoader - Could not detect default resource locations for test class [com.store.rest.controller.test.CategoryControllerTest]: no resource found for suffixes {-context.xml}.
22:15:22.817 [main] DEBUG org.springframework.test.context.support.AbstractDelegatingSmartContextLoader - Delegating to AnnotationConfigWebContextLoader to process context configuration [ContextConfigurationAttributes@4f209819 declaringClass = 'com.store.rest.controller.test.CategoryControllerTest', classes = '{}', locations = '{}', inheritLocations = false, initializers = '{}', inheritInitializers = true, name = [null], contextLoaderClass = 'org.springframework.test.context.ContextLoader'].
22:15:22.817 [main] INFO org.springframework.test.context.support.AnnotationConfigContextLoaderUtils - Could not detect default configuration classes for test class [com.store.rest.controller.test.CategoryControllerTest]: CategoryControllerTest does not declare any static, non-private, non-final, nested classes annotated with @Configuration.
22:15:22.831 [main] DEBUG org.springframework.test.context.support.ActiveProfilesUtils - Could not find an 'annotation declaring class' for annotation type [org.springframework.test.context.ActiveProfiles] and class [com.store.rest.controller.test.CategoryControllerTest]
22:15:22.832 [main] DEBUG org.springframework.test.context.web.WebTestContextBootstrapper - @TestExecutionListeners is not present for class [com.store.rest.controller.test.CategoryControllerTest]: using defaults.
22:15:22.837 [main] INFO org.springframework.test.context.web.WebTestContextBootstrapper - Loaded default TestExecutionListener class names from location [META-INF/spring.factories]: [org.springframework.boot.test.mock.mockito.MockitoTestExecutionListener, org.springframework.boot.test.mock.mockito.ResetMocksTestExecutionListener, org.springframework.boot.test.autoconfigure.AutoConfigureReportTestExecutionListener, org.springframework.boot.test.autoconfigure.restdocs.RestDocsTestExecutionListener, org.springframework.boot.test.autoconfigure.web.client.MockRestServiceServerResetTestExecutionListener, org.springframework.test.context.web.ServletTestExecutionListener, org.springframework.test.context.support.DirtiesContextBeforeModesTestExecutionListener, org.springframework.test.context.support.DependencyInjectionTestExecutionListener, org.springframework.test.context.support.DirtiesContextTestExecutionListener, org.springframework.test.context.transaction.TransactionalTestExecutionListener, org.springframework.test.context.jdbc.SqlScriptsTestExecutionListener]
22:15:22.838 [main] INFO org.springframework.test.context.web.WebTestContextBootstrapper - Using TestExecutionListeners: [org.springframework.test.context.web.ServletTestExecutionListener@5f058f00, org.springframework.test.context.support.DirtiesContextBeforeModesTestExecutionListener@192d43ce, org.springframework.boot.test.autoconfigure.AutoConfigureReportTestExecutionListener@72057ecf, org.springframework.test.context.support.DependencyInjectionTestExecutionListener@1afd44cb, org.springframework.test.context.support.DirtiesContextTestExecutionListener@6973b51b, org.springframework.test.context.transaction.TransactionalTestExecutionListener@1ab3a8c8, org.springframework.test.context.jdbc.SqlScriptsTestExecutionListener@43195e57, org.springframework.boot.test.autoconfigure.restdocs.RestDocsTestExecutionListener@333291e3, org.springframework.boot.test.mock.mockito.MockitoTestExecutionListener@479d31f3, org.springframework.boot.test.autoconfigure.web.client.MockRestServiceServerResetTestExecutionListener@40ef3420, org.springframework.boot.test.mock.mockito.ResetMocksTestExecutionListener@498d318c]
22:15:22.928 [main] DEBUG org.springframework.test.context.junit4.SpringJUnit4ClassRunner - SpringJUnit4ClassRunner constructor called with [class com.store.rest.controller.test.ProductControllerTest]
22:15:22.928 [main] DEBUG org.springframework.test.context.BootstrapUtils - Instantiating CacheAwareContextLoaderDelegate from class [org.springframework.test.context.cache.DefaultCacheAwareContextLoaderDelegate]
22:15:22.928 [main] DEBUG org.springframework.test.context.BootstrapUtils - Instantiating BootstrapContext using constructor [public org.springframework.test.context.support.DefaultBootstrapContext(java.lang.Class,org.springframework.test.context.CacheAwareContextLoaderDelegate)]
22:15:22.929 [main] DEBUG org.springframework.test.context.BootstrapUtils - Instantiating TestContextBootstrapper for test class [com.store.rest.controller.test.ProductControllerTest] from class [org.springframework.test.context.web.WebTestContextBootstrapper]
22:15:22.930 [main] INFO org.springframework.test.context.web.WebTestContextBootstrapper - Neither @ContextConfiguration nor @ContextHierarchy found for test class [com.store.rest.controller.test.ProductControllerTest], using WebDelegatingSmartContextLoader
22:15:22.930 [main] DEBUG org.springframework.test.context.support.AbstractDelegatingSmartContextLoader - Delegating to GenericXmlWebContextLoader to process context configuration [ContextConfigurationAttributes@dbf57b3 declaringClass = 'com.store.rest.controller.test.ProductControllerTest', classes = '{}', locations = '{}', inheritLocations = false, initializers = '{}', inheritInitializers = true, name = [null], contextLoaderClass = 'org.springframework.test.context.ContextLoader'].
22:15:22.931 [main] DEBUG org.springframework.test.context.support.AbstractContextLoader - Did not detect default resource location for test class [com.store.rest.controller.test.ProductControllerTest]: class path resource [com/store/rest/controller/test/ProductControllerTest-context.xml] does not exist
22:15:22.932 [main] INFO org.springframework.test.context.support.AbstractContextLoader - Could not detect default resource locations for test class [com.store.rest.controller.test.ProductControllerTest]: no resource found for suffixes {-context.xml}.
22:15:22.932 [main] DEBUG org.springframework.test.context.support.AbstractDelegatingSmartContextLoader - Delegating to AnnotationConfigWebContextLoader to process context configuration [ContextConfigurationAttributes@dbf57b3 declaringClass = 'com.store.rest.controller.test.ProductControllerTest', classes = '{}', locations = '{}', inheritLocations = false, initializers = '{}', inheritInitializers = true, name = [null], contextLoaderClass = 'org.springframework.test.context.ContextLoader'].
22:15:22.933 [main] INFO org.springframework.test.context.support.AnnotationConfigContextLoaderUtils - Could not detect default configuration classes for test class [com.store.rest.controller.test.ProductControllerTest]: ProductControllerTest does not declare any static, non-private, non-final, nested classes annotated with @Configuration.
22:15:22.943 [main] DEBUG org.springframework.test.context.support.ActiveProfilesUtils - Could not find an 'annotation declaring class' for annotation type [org.springframework.test.context.ActiveProfiles] and class [com.store.rest.controller.test.ProductControllerTest]
22:15:22.944 [main] DEBUG org.springframework.test.context.web.WebTestContextBootstrapper - @TestExecutionListeners is not present for class [com.store.rest.controller.test.ProductControllerTest]: using defaults.
22:15:22.950 [main] INFO org.springframework.test.context.web.WebTestContextBootstrapper - Loaded default TestExecutionListener class names from location [META-INF/spring.factories]: [org.springframework.boot.test.mock.mockito.MockitoTestExecutionListener, org.springframework.boot.test.mock.mockito.ResetMocksTestExecutionListener, org.springframework.boot.test.autoconfigure.AutoConfigureReportTestExecutionListener, org.springframework.boot.test.autoconfigure.restdocs.RestDocsTestExecutionListener, org.springframework.boot.test.autoconfigure.web.client.MockRestServiceServerResetTestExecutionListener, org.springframework.test.context.web.ServletTestExecutionListener, org.springframework.test.context.support.DirtiesContextBeforeModesTestExecutionListener, org.springframework.test.context.support.DependencyInjectionTestExecutionListener, org.springframework.test.context.support.DirtiesContextTestExecutionListener, org.springframework.test.context.transaction.TransactionalTestExecutionListener, org.springframework.test.context.jdbc.SqlScriptsTestExecutionListener]
22:15:22.952 [main] INFO org.springframework.test.context.web.WebTestContextBootstrapper - Using TestExecutionListeners: [org.springframework.test.context.web.ServletTestExecutionListener@a514af7, org.springframework.test.context.support.DirtiesContextBeforeModesTestExecutionListener@6b927fb, org.springframework.boot.test.autoconfigure.AutoConfigureReportTestExecutionListener@3e58a80e, org.springframework.test.context.support.DependencyInjectionTestExecutionListener@4fb61f4a, org.springframework.test.context.support.DirtiesContextTestExecutionListener@4fb0f2b9, org.springframework.test.context.transaction.TransactionalTestExecutionListener@79924b, org.springframework.test.context.jdbc.SqlScriptsTestExecutionListener@7b9a4292, org.springframework.boot.test.autoconfigure.restdocs.RestDocsTestExecutionListener@4a94ee4, org.springframework.boot.test.mock.mockito.MockitoTestExecutionListener@4cc451f2, org.springframework.boot.test.autoconfigure.web.client.MockRestServiceServerResetTestExecutionListener@6379eb, org.springframework.boot.test.mock.mockito.ResetMocksTestExecutionListener@294425a7]
22:15:22.956 [main] DEBUG org.springframework.test.context.junit4.SpringJUnit4ClassRunner - SpringJUnit4ClassRunner constructor called with [class com.store.test.StoreApplicationTests]
22:15:22.957 [main] DEBUG org.springframework.test.context.BootstrapUtils - Instantiating CacheAwareContextLoaderDelegate from class [org.springframework.test.context.cache.DefaultCacheAwareContextLoaderDelegate]
22:15:22.957 [main] DEBUG org.springframework.test.context.BootstrapUtils - Instantiating BootstrapContext using constructor [public org.springframework.test.context.support.DefaultBootstrapContext(java.lang.Class,org.springframework.test.context.CacheAwareContextLoaderDelegate)]
22:15:22.961 [main] DEBUG org.springframework.test.context.BootstrapUtils - Instantiating TestContextBootstrapper for test class [com.store.test.StoreApplicationTests] from class [org.springframework.boot.test.context.SpringBootTestContextBootstrapper]
22:15:22.962 [main] INFO org.springframework.boot.test.context.SpringBootTestContextBootstrapper - Neither @ContextConfiguration nor @ContextHierarchy found for test class [com.store.test.StoreApplicationTests], using SpringBootContextLoader
22:15:22.963 [main] DEBUG org.springframework.test.context.support.AbstractContextLoader - Did not detect default resource location for test class [com.store.test.StoreApplicationTests]: class path resource [com/store/test/StoreApplicationTests-context.xml] does not exist
22:15:22.964 [main] DEBUG org.springframework.test.context.support.AbstractContextLoader - Did not detect default resource location for test class [com.store.test.StoreApplicationTests]: class path resource [com/store/test/StoreApplicationTestsContext.groovy] does not exist
22:15:22.964 [main] INFO org.springframework.test.context.support.AbstractContextLoader - Could not detect default resource locations for test class [com.store.test.StoreApplicationTests]: no resource found for suffixes {-context.xml, Context.groovy}.
22:15:22.966 [main] INFO org.springframework.test.context.support.AnnotationConfigContextLoaderUtils - Could not detect default configuration classes for test class [com.store.test.StoreApplicationTests]: StoreApplicationTests does not declare any static, non-private, non-final, nested classes annotated with @Configuration.
22:15:22.982 [main] DEBUG org.springframework.test.context.support.ActiveProfilesUtils - Could not find an 'annotation declaring class' for annotation type [org.springframework.test.context.ActiveProfiles] and class [com.store.test.StoreApplicationTests]
22:15:22.985 [main] DEBUG org.springframework.core.env.StandardEnvironment - Adding [systemProperties] PropertySource with lowest search precedence
22:15:22.986 [main] DEBUG org.springframework.core.env.StandardEnvironment - Adding [systemEnvironment] PropertySource with lowest search precedence
22:15:22.986 [main] DEBUG org.springframework.core.env.StandardEnvironment - Initialized StandardEnvironment with PropertySources [systemProperties,systemEnvironment]
22:15:22.987 [main] DEBUG org.springframework.core.io.support.PathMatchingResourcePatternResolver - Resolved classpath location [com/store/test/] to resources [URL [file:/C:/Users/youssefmer/git/store/target/test-classes/com/store/test/]]
22:15:22.987 [main] DEBUG org.springframework.core.io.support.PathMatchingResourcePatternResolver - Looking for matching resources in directory tree [C:\Users\youssefmer\git\store\target\test-classes\com\store\test]
22:15:22.988 [main] DEBUG org.springframework.core.io.support.PathMatchingResourcePatternResolver - Searching directory [C:\Users\youssefmer\git\store\target\test-classes\com\store\test] for files matching pattern [C:/Users/youssefmer/git/store/target/test-classes/com/store/test/*.class]
22:15:22.989 [main] DEBUG org.springframework.core.io.support.PathMatchingResourcePatternResolver - Resolved location pattern [classpath*:com/store/test/*.class] to resources [file [C:\Users\youssefmer\git\store\target\test-classes\com\store\test\StoreApplicationTests.class]]
22:15:22.991 [main] DEBUG org.springframework.core.io.support.PathMatchingResourcePatternResolver - Resolved classpath location [com/store/] to resources [URL [file:/C:/Users/youssefmer/git/store/target/test-classes/com/store/], URL [file:/C:/Users/youssefmer/git/store/target/classes/com/store/]]
22:15:22.992 [main] DEBUG org.springframework.core.io.support.PathMatchingResourcePatternResolver - Looking for matching resources in directory tree [C:\Users\youssefmer\git\store\target\test-classes\com\store]
22:15:22.992 [main] DEBUG org.springframework.core.io.support.PathMatchingResourcePatternResolver - Searching directory [C:\Users\youssefmer\git\store\target\test-classes\com\store] for files matching pattern [C:/Users/youssefmer/git/store/target/test-classes/com/store/*.class]
22:15:22.996 [main] DEBUG org.springframework.core.io.support.PathMatchingResourcePatternResolver - Looking for matching resources in directory tree [C:\Users\youssefmer\git\store\target\classes\com\store]
22:15:22.997 [main] DEBUG org.springframework.core.io.support.PathMatchingResourcePatternResolver - Searching directory [C:\Users\youssefmer\git\store\target\classes\com\store] for files matching pattern [C:/Users/youssefmer/git/store/target/classes/com/store/*.class]
22:15:22.999 [main] DEBUG org.springframework.core.io.support.PathMatchingResourcePatternResolver - Resolved location pattern [classpath*:com/store/*.class] to resources [file [C:\Users\youssefmer\git\store\target\classes\com\store\StoreApplication.class]]
22:15:23.002 [main] DEBUG org.springframework.context.annotation.ClassPathScanningCandidateComponentProvider - Identified candidate component class: file [C:\Users\youssefmer\git\store\target\classes\com\store\StoreApplication.class]
22:15:23.003 [main] INFO org.springframework.boot.test.context.SpringBootTestContextBootstrapper - Found @SpringBootConfiguration com.store.StoreApplication for test class com.store.test.StoreApplicationTests
22:15:23.008 [main] DEBUG org.springframework.boot.test.context.SpringBootTestContextBootstrapper - @TestExecutionListeners is not present for class [com.store.test.StoreApplicationTests]: using defaults.
22:15:23.037 [main] INFO org.springframework.boot.test.context.SpringBootTestContextBootstrapper - Loaded default TestExecutionListener class names from location [META-INF/spring.factories]: [org.springframework.boot.test.mock.mockito.MockitoTestExecutionListener, org.springframework.boot.test.mock.mockito.ResetMocksTestExecutionListener, org.springframework.boot.test.autoconfigure.AutoConfigureReportTestExecutionListener, org.springframework.boot.test.autoconfigure.restdocs.RestDocsTestExecutionListener, org.springframework.boot.test.autoconfigure.web.client.MockRestServiceServerResetTestExecutionListener, org.springframework.test.context.web.ServletTestExecutionListener, org.springframework.test.context.support.DirtiesContextBeforeModesTestExecutionListener, org.springframework.test.context.support.DependencyInjectionTestExecutionListener, org.springframework.test.context.support.DirtiesContextTestExecutionListener, org.springframework.test.context.transaction.TransactionalTestExecutionListener, org.springframework.test.context.jdbc.SqlScriptsTestExecutionListener]
22:15:23.038 [main] INFO org.springframework.boot.test.context.SpringBootTestContextBootstrapper - Using TestExecutionListeners: [org.springframework.test.context.web.ServletTestExecutionListener@1623b78d, org.springframework.test.context.support.DirtiesContextBeforeModesTestExecutionListener@c8c12ac, org.springframework.boot.test.autoconfigure.AutoConfigureReportTestExecutionListener@6adbc9d, org.springframework.test.context.support.DependencyInjectionTestExecutionListener@4550bb58, org.springframework.test.context.support.DirtiesContextTestExecutionListener@4ec4f3a0, org.springframework.test.context.transaction.TransactionalTestExecutionListener@223191a6, org.springframework.test.context.jdbc.SqlScriptsTestExecutionListener@49139829, org.springframework.boot.test.autoconfigure.restdocs.RestDocsTestExecutionListener@9597028, org.springframework.boot.test.mock.mockito.MockitoTestExecutionListener@6069db50, org.springframework.boot.test.autoconfigure.web.client.MockRestServiceServerResetTestExecutionListener@4efbca5a, org.springframework.boot.test.mock.mockito.ResetMocksTestExecutionListener@1b7cc17c]
22:15:23.260 [main] DEBUG org.springframework.test.annotation.ProfileValueUtils - Retrieved @ProfileValueSourceConfiguration [null] for test class [com.store.repository.test.CategoryRepositoryTest]
22:15:23.262 [main] DEBUG org.springframework.test.annotation.ProfileValueUtils - Retrieved ProfileValueSource type [class org.springframework.test.annotation.SystemProfileValueSource] for class [com.store.repository.test.CategoryRepositoryTest]
22:15:23.263 [main] DEBUG org.springframework.test.annotation.ProfileValueUtils - Retrieved @ProfileValueSourceConfiguration [null] for test class [com.store.repository.test.ProductRepositoryTest]
22:15:23.264 [main] DEBUG org.springframework.test.annotation.ProfileValueUtils - Retrieved ProfileValueSource type [class org.springframework.test.annotation.SystemProfileValueSource] for class [com.store.repository.test.ProductRepositoryTest]
22:15:23.264 [main] DEBUG org.springframework.test.annotation.ProfileValueUtils - Retrieved @ProfileValueSourceConfiguration [null] for test class [com.store.rest.controller.test.CategoryControllerTest]
22:15:23.265 [main] DEBUG org.springframework.test.annotation.ProfileValueUtils - Retrieved ProfileValueSource type [class org.springframework.test.annotation.SystemProfileValueSource] for class [com.store.rest.controller.test.CategoryControllerTest]
22:15:23.266 [main] DEBUG org.springframework.test.annotation.ProfileValueUtils - Retrieved @ProfileValueSourceConfiguration [null] for test class [com.store.rest.controller.test.ProductControllerTest]
22:15:23.266 [main] DEBUG org.springframework.test.annotation.ProfileValueUtils - Retrieved ProfileValueSource type [class org.springframework.test.annotation.SystemProfileValueSource] for class [com.store.rest.controller.test.ProductControllerTest]
22:15:23.268 [main] DEBUG org.springframework.test.annotation.ProfileValueUtils - Retrieved @ProfileValueSourceConfiguration [null] for test class [com.store.test.StoreApplicationTests]
22:15:23.268 [main] DEBUG org.springframework.test.annotation.ProfileValueUtils - Retrieved ProfileValueSource type [class org.springframework.test.annotation.SystemProfileValueSource] for class [com.store.test.StoreApplicationTests]
22:15:23.274 [main] DEBUG org.springframework.test.context.junit4.SpringJUnit4ClassRunner - SpringJUnit4ClassRunner constructor called with [class com.store.repository.test.CategoryRepositoryTest]
22:15:23.275 [main] DEBUG org.springframework.test.context.BootstrapUtils - Instantiating CacheAwareContextLoaderDelegate from class [org.springframework.test.context.cache.DefaultCacheAwareContextLoaderDelegate]
22:15:23.275 [main] DEBUG org.springframework.test.context.BootstrapUtils - Instantiating BootstrapContext using constructor [public org.springframework.test.context.support.DefaultBootstrapContext(java.lang.Class,org.springframework.test.context.CacheAwareContextLoaderDelegate)]
22:15:23.276 [main] DEBUG org.springframework.test.context.BootstrapUtils - Instantiating TestContextBootstrapper for test class [com.store.repository.test.CategoryRepositoryTest] from class [org.springframework.boot.test.context.SpringBootTestContextBootstrapper]
22:15:23.277 [main] INFO org.springframework.boot.test.context.SpringBootTestContextBootstrapper - Neither @ContextConfiguration nor @ContextHierarchy found for test class [com.store.repository.test.CategoryRepositoryTest], using SpringBootContextLoader
22:15:23.279 [main] DEBUG org.springframework.test.context.support.AbstractContextLoader - Did not detect default resource location for test class [com.store.repository.test.CategoryRepositoryTest]: class path resource [com/store/repository/test/CategoryRepositoryTest-context.xml] does not exist
22:15:23.280 [main] DEBUG org.springframework.test.context.support.AbstractContextLoader - Did not detect default resource location for test class [com.store.repository.test.CategoryRepositoryTest]: class path resource [com/store/repository/test/CategoryRepositoryTestContext.groovy] does not exist
22:15:23.280 [main] INFO org.springframework.test.context.support.AbstractContextLoader - Could not detect default resource locations for test class [com.store.repository.test.CategoryRepositoryTest]: no resource found for suffixes {-context.xml, Context.groovy}.
22:15:23.281 [main] INFO org.springframework.test.context.support.AnnotationConfigContextLoaderUtils - Could not detect default configuration classes for test class [com.store.repository.test.CategoryRepositoryTest]: CategoryRepositoryTest does not declare any static, non-private, non-final, nested classes annotated with @Configuration.
22:15:23.332 [main] DEBUG org.springframework.test.context.support.ActiveProfilesUtils - Could not find an 'annotation declaring class' for annotation type [org.springframework.test.context.ActiveProfiles] and class [com.store.repository.test.CategoryRepositoryTest]
22:15:23.342 [main] DEBUG org.springframework.core.env.StandardEnvironment - Adding [systemProperties] PropertySource with lowest search precedence
22:15:23.343 [main] DEBUG org.springframework.core.env.StandardEnvironment - Adding [systemEnvironment] PropertySource with lowest search precedence
22:15:23.347 [main] DEBUG org.springframework.core.env.StandardEnvironment - Initialized StandardEnvironment with PropertySources [systemProperties,systemEnvironment]
22:15:23.347 [main] INFO org.springframework.boot.test.context.SpringBootTestContextBootstrapper - Found @SpringBootConfiguration com.store.StoreApplication for test class com.store.repository.test.CategoryRepositoryTest
22:15:23.350 [main] DEBUG org.springframework.boot.test.context.SpringBootTestContextBootstrapper - @TestExecutionListeners is not present for class [com.store.repository.test.CategoryRepositoryTest]: using defaults.
22:15:23.357 [main] INFO org.springframework.boot.test.context.SpringBootTestContextBootstrapper - Loaded default TestExecutionListener class names from location [META-INF/spring.factories]: [org.springframework.boot.test.mock.mockito.MockitoTestExecutionListener, org.springframework.boot.test.mock.mockito.ResetMocksTestExecutionListener, org.springframework.boot.test.autoconfigure.AutoConfigureReportTestExecutionListener, org.springframework.boot.test.autoconfigure.restdocs.RestDocsTestExecutionListener, org.springframework.boot.test.autoconfigure.web.client.MockRestServiceServerResetTestExecutionListener, org.springframework.test.context.web.ServletTestExecutionListener, org.springframework.test.context.support.DirtiesContextBeforeModesTestExecutionListener, org.springframework.test.context.support.DependencyInjectionTestExecutionListener, org.springframework.test.context.support.DirtiesContextTestExecutionListener, org.springframework.test.context.transaction.TransactionalTestExecutionListener, org.springframework.test.context.jdbc.SqlScriptsTestExecutionListener]
22:15:23.358 [main] INFO org.springframework.boot.test.context.SpringBootTestContextBootstrapper - Using TestExecutionListeners: [org.springframework.test.context.web.ServletTestExecutionListener@4218d6a3, org.springframework.test.context.support.DirtiesContextBeforeModesTestExecutionListener@76505305, org.springframework.boot.test.autoconfigure.AutoConfigureReportTestExecutionListener@14cd1699, org.springframework.test.context.support.DependencyInjectionTestExecutionListener@77888435, org.springframework.test.context.support.DirtiesContextTestExecutionListener@73a1e9a9, org.springframework.test.context.transaction.TransactionalTestExecutionListener@71d44a3, org.springframework.test.context.jdbc.SqlScriptsTestExecutionListener@7b98f307, org.springframework.boot.test.autoconfigure.restdocs.RestDocsTestExecutionListener@4802796d, org.springframework.boot.test.mock.mockito.MockitoTestExecutionListener@34123d65, org.springframework.boot.test.autoconfigure.web.client.MockRestServiceServerResetTestExecutionListener@59474f18, org.springframework.boot.test.mock.mockito.ResetMocksTestExecutionListener@65fb9ffc]
22:15:23.359 [main] DEBUG org.springframework.test.annotation.ProfileValueUtils - Retrieved @ProfileValueSourceConfiguration [null] for test class [com.store.repository.test.CategoryRepositoryTest]
22:15:23.359 [main] DEBUG org.springframework.test.annotation.ProfileValueUtils - Retrieved ProfileValueSource type [class org.springframework.test.annotation.SystemProfileValueSource] for class [com.store.repository.test.CategoryRepositoryTest]
22:15:23.454 [main] DEBUG org.springframework.test.annotation.ProfileValueUtils - Retrieved @ProfileValueSourceConfiguration [null] for test class [com.store.repository.test.CategoryRepositoryTest]
22:15:23.455 [main] DEBUG org.springframework.test.annotation.ProfileValueUtils - Retrieved ProfileValueSource type [class org.springframework.test.annotation.SystemProfileValueSource] for class [com.store.repository.test.CategoryRepositoryTest]
22:15:23.499 [main] DEBUG org.springframework.test.context.support.AbstractDirtiesContextTestExecutionListener - Before test class: context [DefaultTestContext@639c2c1d testClass = CategoryRepositoryTest, testInstance = [null], testMethod = [null], testException = [null], mergedContextConfiguration = [MergedContextConfiguration@5fe94a96 testClass = CategoryRepositoryTest, locations = '{}', classes = '{class com.store.StoreApplication}', contextInitializerClasses = '[]', activeProfiles = '{}', propertySourceLocations = '{}', propertySourceProperties = '{org.springframework.boot.test.context.SpringBootTestContextBootstrapper=true}', contextCustomizers = set[org.springframework.boot.test.context.ImportsContextCustomizer@45954b81, org.springframework.boot.test.context.filter.ExcludeFilterContextCustomizer@4d3167f4, org.springframework.boot.test.mock.mockito.MockitoContextCustomizer@0, org.springframework.boot.test.autoconfigure.OverrideAutoConfigurationContextCustomizerFactory$DisableAutoConfigurationContextCustomizer@42eca56e, org.springframework.boot.test.autoconfigure.filter.TypeExcludeFiltersContextCustomizer@22a67b4, org.springframework.boot.test.autoconfigure.properties.PropertyMappingContextCustomizer@5eb31aa2], contextLoader = 'org.springframework.boot.test.context.SpringBootContextLoader', parent = [null]]], class annotated with @DirtiesContext [false] with mode [null].
22:15:23.500 [main] DEBUG org.springframework.test.annotation.ProfileValueUtils - Retrieved @ProfileValueSourceConfiguration [null] for test class [com.store.repository.test.CategoryRepositoryTest]
22:15:23.501 [main] DEBUG org.springframework.test.annotation.ProfileValueUtils - Retrieved ProfileValueSource type [class org.springframework.test.annotation.SystemProfileValueSource] for class [com.store.repository.test.CategoryRepositoryTest]
22:15:23.503 [main] DEBUG org.springframework.test.context.support.DependencyInjectionTestExecutionListener - Performing dependency injection for test context [[DefaultTestContext@639c2c1d testClass = CategoryRepositoryTest, testInstance = com.store.repository.test.CategoryRepositoryTest@6771beb3, testMethod = [null], testException = [null], mergedContextConfiguration = [MergedContextConfiguration@5fe94a96 testClass = CategoryRepositoryTest, locations = '{}', classes = '{class com.store.StoreApplication}', contextInitializerClasses = '[]', activeProfiles = '{}', propertySourceLocations = '{}', propertySourceProperties = '{org.springframework.boot.test.context.SpringBootTestContextBootstrapper=true}', contextCustomizers = set[org.springframework.boot.test.context.ImportsContextCustomizer@45954b81, org.springframework.boot.test.context.filter.ExcludeFilterContextCustomizer@4d3167f4, org.springframework.boot.test.mock.mockito.MockitoContextCustomizer@0, org.springframework.boot.test.autoconfigure.OverrideAutoConfigurationContextCustomizerFactory$DisableAutoConfigurationContextCustomizer@42eca56e, org.springframework.boot.test.autoconfigure.filter.TypeExcludeFiltersContextCustomizer@22a67b4, org.springframework.boot.test.autoconfigure.properties.PropertyMappingContextCustomizer@5eb31aa2], contextLoader = 'org.springframework.boot.test.context.SpringBootContextLoader', parent = [null]]]].
22:15:23.725 [main] DEBUG org.springframework.core.env.StandardEnvironment - Adding [systemProperties] PropertySource with lowest search precedence
22:15:23.725 [main] DEBUG org.springframework.core.env.StandardEnvironment - Adding [systemEnvironment] PropertySource with lowest search precedence
22:15:23.726 [main] DEBUG org.springframework.core.env.StandardEnvironment - Initialized StandardEnvironment with PropertySources [systemProperties,systemEnvironment]
22:15:23.728 [main] DEBUG org.springframework.test.context.support.TestPropertySourceUtils - Adding inlined properties to environment: {spring.jmx.enabled=false, org.springframework.boot.test.context.SpringBootTestContextBootstrapper=true, server.port=-1}
22:15:23.728 [main] DEBUG org.springframework.core.env.StandardEnvironment - Adding [Inlined Test Properties] PropertySource with highest search precedence

  .   ____          _            __ _ _
 /\\ / ___'_ __ _ _(_)_ __  __ _ \ \ \ \
( ( )\___ | '_ | '_| | '_ \/ _` | \ \ \ \
 \\/  ___)| |_)| | | | | || (_| |  ) ) ) )
  '  |____| .__|_| |_|_| |_\__, | / / / /
 =========|_|==============|___/=/_/_/_/
 :: Spring Boot ::        (v1.4.0.RELEASE)

2016-09-01 22:15:30.259  INFO 9648 --- [           main] c.s.r.test.CategoryRepositoryTest        : Starting CategoryRepositoryTest on youssefmer-PC with PID 9648 (started by youssefmer in C:\Users\youssefmer\git\store)
2016-09-01 22:15:30.261  INFO 9648 --- [           main] c.s.r.test.CategoryRepositoryTest        : No active profile set, falling back to default profiles: default
2016-09-01 22:15:30.374  INFO 9648 --- [           main] s.c.a.AnnotationConfigApplicationContext : Refreshing org.springframework.context.annotation.AnnotationConfigApplicationContext@1187c9e8: startup date [Thu Sep 01 22:15:30 CDT 2016]; root of context hierarchy
2016-09-01 22:15:35.239  INFO 9648 --- [           main] beddedDataSourceBeanFactoryPostProcessor : Replacing 'dataSource' DataSource bean with embedded version
2016-09-01 22:15:35.242  INFO 9648 --- [           main] o.s.b.f.s.DefaultListableBeanFactory     : Overriding bean definition for bean 'dataSource' with a different definition: replacing [Root bean: class [null]; scope=; abstract=false; lazyInit=false; autowireMode=3; dependencyCheck=0; autowireCandidate=true; primary=false; factoryBeanName=org.springframework.boot.autoconfigure.jdbc.DataSourceConfiguration$Tomcat; factoryMethodName=dataSource; initMethodName=null; destroyMethodName=(inferred); defined in class path resource [org/springframework/boot/autoconfigure/jdbc/DataSourceConfiguration$Tomcat.class]] with [Root bean: class [org.springframework.boot.test.autoconfigure.orm.jpa.TestDatabaseAutoConfiguration$EmbeddedDataSourceFactoryBean]; scope=; abstract=false; lazyInit=false; autowireMode=0; dependencyCheck=0; autowireCandidate=true; primary=false; factoryBeanName=null; factoryMethodName=null; initMethodName=null; destroyMethodName=null]
2016-09-01 22:15:35.244  WARN 9648 --- [           main] o.s.c.a.ConfigurationClassPostProcessor  : Cannot enhance @Configuration bean definition 'embeddedDataSourceBeanFactoryPostProcessor' since its singleton instance has been created too early. The typical cause is a non-static @Bean method with a BeanDefinitionRegistryPostProcessor return type: Consider declaring such methods as 'static'.
2016-09-01 22:15:36.854  INFO 9648 --- [           main] f.a.AutowiredAnnotationBeanPostProcessor : JSR-330 'javax.inject.Inject' annotation found and supported for autowiring
2016-09-01 22:15:37.955  INFO 9648 --- [           main] o.s.j.d.e.EmbeddedDatabaseFactory        : Starting embedded database: url='jdbc:hsqldb:mem:testdb', username='sa'
2016-09-01 22:15:41.984  INFO 9648 --- [           main] j.LocalContainerEntityManagerFactoryBean : Building JPA container EntityManagerFactory for persistence unit 'default'
2016-09-01 22:15:42.572  INFO 9648 --- [           main] o.hibernate.jpa.internal.util.LogHelper  : HHH000204: Processing PersistenceUnitInfo [
	name: default
	...]
2016-09-01 22:15:46.019  INFO 9648 --- [           main] org.hibernate.Version                    : HHH000412: Hibernate Core {5.0.9.Final}
2016-09-01 22:15:46.024  INFO 9648 --- [           main] org.hibernate.cfg.Environment            : HHH000206: hibernate.properties not found
2016-09-01 22:15:46.046  INFO 9648 --- [           main] org.hibernate.cfg.Environment            : HHH000021: Bytecode provider name : javassist
2016-09-01 22:15:47.876  INFO 9648 --- [           main] o.hibernate.annotations.common.Version   : HCANN000001: Hibernate Commons Annotations {5.0.1.Final}
2016-09-01 22:16:00.242  INFO 9648 --- [           main] org.hibernate.dialect.Dialect            : HHH000400: Using dialect: org.hibernate.dialect.HSQLDialect
2016-09-01 22:17:09.825  INFO 9648 --- [           main] org.hibernate.tool.hbm2ddl.SchemaExport  : HHH000227: Running hbm2ddl schema export
Hibernate: alter table category_product drop constraint FKssroqj2vyiaujfleklq1ifigj
2016-09-01 22:17:09.970 ERROR 9648 --- [           main] org.hibernate.tool.hbm2ddl.SchemaExport  : HHH000389: Unsuccessful: alter table category_product drop constraint FKssroqj2vyiaujfleklq1ifigj
2016-09-01 22:17:09.970 ERROR 9648 --- [           main] org.hibernate.tool.hbm2ddl.SchemaExport  : user lacks privilege or object not found: PUBLIC.CATEGORY_PRODUCT
Hibernate: alter table category_product drop constraint FKfr6rjc04htbtc3xas2b9xmq7r
2016-09-01 22:17:09.970 ERROR 9648 --- [           main] org.hibernate.tool.hbm2ddl.SchemaExport  : HHH000389: Unsuccessful: alter table category_product drop constraint FKfr6rjc04htbtc3xas2b9xmq7r
2016-09-01 22:17:09.971 ERROR 9648 --- [           main] org.hibernate.tool.hbm2ddl.SchemaExport  : user lacks privilege or object not found: PUBLIC.CATEGORY_PRODUCT
Hibernate: drop table category if exists
Hibernate: drop table category_product if exists
Hibernate: drop table product if exists
Hibernate: create table category (category_id bigint generated by default as identity (start with 1), category_created date, category_name varchar(255) not null, category_lastupdated date, primary key (category_id))
Hibernate: create table category_product (category_id bigint not null, product_id bigint not null, primary key (category_id, product_id))
Hibernate: create table product (product_id bigint generated by default as identity (start with 1), product_created date, product_lastupdate date, product_name varchar(255) not null, product_sku varchar(255) not null, primary key (product_id))
Hibernate: alter table category add constraint UK_lroeo5fvfdeg4hpicn4lw7x9b unique (category_name)
Hibernate: alter table product add constraint UK_383i0awxqlq7pc33hil7afbgo unique (product_name)
Hibernate: alter table product add constraint UK_c5wu6de1jqnqhi87qmqcdsox5 unique (product_sku)
Hibernate: alter table category_product add constraint FKssroqj2vyiaujfleklq1ifigj foreign key (product_id) references product
Hibernate: alter table category_product add constraint FKfr6rjc04htbtc3xas2b9xmq7r foreign key (category_id) references category
2016-09-01 22:17:10.002  INFO 9648 --- [           main] org.hibernate.tool.hbm2ddl.SchemaExport  : HHH000230: Schema export complete
2016-09-01 22:17:10.135  INFO 9648 --- [           main] j.LocalContainerEntityManagerFactoryBean : Initialized JPA EntityManagerFactory for persistence unit 'default'
2016-09-01 22:17:16.956  INFO 9648 --- [           main] c.s.r.test.CategoryRepositoryTest        : Started CategoryRepositoryTest in 113.222 seconds (JVM running for 129.648)
2016-09-01 22:17:17.168  INFO 9648 --- [           main] o.s.t.c.transaction.TransactionContext   : Began transaction (1) for test context [DefaultTestContext@639c2c1d testClass = CategoryRepositoryTest, testInstance = com.store.repository.test.CategoryRepositoryTest@6771beb3, testMethod = findAllShouldReturnCategories@CategoryRepositoryTest, testException = [null], mergedContextConfiguration = [MergedContextConfiguration@5fe94a96 testClass = CategoryRepositoryTest, locations = '{}', classes = '{class com.store.StoreApplication}', contextInitializerClasses = '[]', activeProfiles = '{}', propertySourceLocations = '{}', propertySourceProperties = '{org.springframework.boot.test.context.SpringBootTestContextBootstrapper=true}', contextCustomizers = set[org.springframework.boot.test.context.ImportsContextCustomizer@45954b81, org.springframework.boot.test.context.filter.ExcludeFilterContextCustomizer@4d3167f4, org.springframework.boot.test.mock.mockito.MockitoContextCustomizer@0, org.springframework.boot.test.autoconfigure.OverrideAutoConfigurationContextCustomizerFactory$DisableAutoConfigurationContextCustomizer@42eca56e, org.springframework.boot.test.autoconfigure.filter.TypeExcludeFiltersContextCustomizer@22a67b4, org.springframework.boot.test.autoconfigure.properties.PropertyMappingContextCustomizer@5eb31aa2], contextLoader = 'org.springframework.boot.test.context.SpringBootContextLoader', parent = [null]]]; transaction manager [org.springframework.orm.jpa.JpaTransactionManager@4751e8b9]; rollback [true]
Hibernate: insert into category (category_id, category_created, category_name, category_lastupdated) values (default, ?, ?, ?)
Hibernate: insert into category (category_id, category_created, category_name, category_lastupdated) values (default, ?, ?, ?)
Hibernate: insert into category (category_id, category_created, category_name, category_lastupdated) values (default, ?, ?, ?)
Hibernate: insert into category (category_id, category_created, category_name, category_lastupdated) values (default, ?, ?, ?)
2016-09-01 22:17:18.678  INFO 9648 --- [           main] o.h.h.i.QueryTranslatorFactoryInitiator  : HHH000397: Using ASTQueryTranslatorFactory
Hibernate: select category0_.category_id as category1_0_, category0_.category_created as category2_0_, category0_.category_name as category3_0_, category0_.category_lastupdated as category4_0_ from category category0_
2016-09-01 22:17:24.334  INFO 9648 --- [           main] o.s.t.c.transaction.TransactionContext   : Rolled back transaction for test context [DefaultTestContext@639c2c1d testClass = CategoryRepositoryTest, testInstance = com.store.repository.test.CategoryRepositoryTest@6771beb3, testMethod = findAllShouldReturnCategories@CategoryRepositoryTest, testException = org.junit.ComparisonFailure: expected:<-[3]> but was:<-[1]>, mergedContextConfiguration = [MergedContextConfiguration@5fe94a96 testClass = CategoryRepositoryTest, locations = '{}', classes = '{class com.store.StoreApplication}', contextInitializerClasses = '[]', activeProfiles = '{}', propertySourceLocations = '{}', propertySourceProperties = '{org.springframework.boot.test.context.SpringBootTestContextBootstrapper=true}', contextCustomizers = set[org.springframework.boot.test.context.ImportsContextCustomizer@45954b81, org.springframework.boot.test.context.filter.ExcludeFilterContextCustomizer@4d3167f4, org.springframework.boot.test.mock.mockito.MockitoContextCustomizer@0, org.springframework.boot.test.autoconfigure.OverrideAutoConfigurationContextCustomizerFactory$DisableAutoConfigurationContextCustomizer@42eca56e, org.springframework.boot.test.autoconfigure.filter.TypeExcludeFiltersContextCustomizer@22a67b4, org.springframework.boot.test.autoconfigure.properties.PropertyMappingContextCustomizer@5eb31aa2], contextLoader = 'org.springframework.boot.test.context.SpringBootContextLoader', parent = [null]]].
]]></system-out>
  </testcase>
  <testcase name="FindByNameShouldReturnCategory" classname="com.store.repository.test.CategoryRepositoryTest" time="0.137"/>
  <testcase name="FindByIDShouldReturnCategory" classname="com.store.repository.test.CategoryRepositoryTest" time="0.019">
    <failure message="expected:&lt;-[3]&gt; but was:&lt;-[1]&gt;" type="org.junit.ComparisonFailure"><![CDATA[org.junit.ComparisonFailure: expected:<-[3]> but was:<-[1]>
	at sun.reflect.NativeConstructorAccessorImpl.newInstance0(Native Method)
	at sun.reflect.NativeConstructorAccessorImpl.newInstance(NativeConstructorAccessorImpl.java:62)
	at sun.reflect.DelegatingConstructorAccessorImpl.newInstance(DelegatingConstructorAccessorImpl.java:45)
	at com.store.repository.test.CategoryRepositoryTest.FindByIDShouldReturnCategory(CategoryRepositoryTest.java:37)
]]></failure>
    <system-out><![CDATA[2016-09-01 22:17:24.589  INFO 9648 --- [           main] o.s.t.c.transaction.TransactionContext   : Began transaction (1) for test context [DefaultTestContext@639c2c1d testClass = CategoryRepositoryTest, testInstance = com.store.repository.test.CategoryRepositoryTest@ccd341d, testMethod = FindByIDShouldReturnCategory@CategoryRepositoryTest, testException = [null], mergedContextConfiguration = [MergedContextConfiguration@5fe94a96 testClass = CategoryRepositoryTest, locations = '{}', classes = '{class com.store.StoreApplication}', contextInitializerClasses = '[]', activeProfiles = '{}', propertySourceLocations = '{}', propertySourceProperties = '{org.springframework.boot.test.context.SpringBootTestContextBootstrapper=true}', contextCustomizers = set[org.springframework.boot.test.context.ImportsContextCustomizer@45954b81, org.springframework.boot.test.context.filter.ExcludeFilterContextCustomizer@4d3167f4, org.springframework.boot.test.mock.mockito.MockitoContextCustomizer@0, org.springframework.boot.test.autoconfigure.OverrideAutoConfigurationContextCustomizerFactory$DisableAutoConfigurationContextCustomizer@42eca56e, org.springframework.boot.test.autoconfigure.filter.TypeExcludeFiltersContextCustomizer@22a67b4, org.springframework.boot.test.autoconfigure.properties.PropertyMappingContextCustomizer@5eb31aa2], contextLoader = 'org.springframework.boot.test.context.SpringBootContextLoader', parent = [null]]]; transaction manager [org.springframework.orm.jpa.JpaTransactionManager@4751e8b9]; rollback [true]
Hibernate: insert into category (category_id, category_created, category_name, category_lastupdated) values (default, ?, ?, ?)
Hibernate: insert into category (category_id, category_created, category_name, category_lastupdated) values (default, ?, ?, ?)
2016-09-01 22:17:24.633  INFO 9648 --- [           main] o.s.t.c.transaction.TransactionContext   : Rolled back transaction for test context [DefaultTestContext@639c2c1d testClass = CategoryRepositoryTest, testInstance = com.store.repository.test.CategoryRepositoryTest@ccd341d, testMethod = FindByIDShouldReturnCategory@CategoryRepositoryTest, testException = org.junit.ComparisonFailure: expected:<-[3]> but was:<-[1]>, mergedContextConfiguration = [MergedContextConfiguration@5fe94a96 testClass = CategoryRepositoryTest, locations = '{}', classes = '{class com.store.StoreApplication}', contextInitializerClasses = '[]', activeProfiles = '{}', propertySourceLocations = '{}', propertySourceProperties = '{org.springframework.boot.test.context.SpringBootTestContextBootstrapper=true}', contextCustomizers = set[org.springframework.boot.test.context.ImportsContextCustomizer@45954b81, org.springframework.boot.test.context.filter.ExcludeFilterContextCustomizer@4d3167f4, org.springframework.boot.test.mock.mockito.MockitoContextCustomizer@0, org.springframework.boot.test.autoconfigure.OverrideAutoConfigurationContextCustomizerFactory$DisableAutoConfigurationContextCustomizer@42eca56e, org.springframework.boot.test.autoconfigure.filter.TypeExcludeFiltersContextCustomizer@22a67b4, org.springframework.boot.test.autoconfigure.properties.PropertyMappingContextCustomizer@5eb31aa2], contextLoader = 'org.springframework.boot.test.context.SpringBootContextLoader', parent = [null]]].
]]></system-out>
  </testcase>
</testsuite>