<?xml version="1.0" encoding="UTF-8"?>
<testsuite name="com.store.repository.test.ProductRepositoryTest" time="0.041" tests="4" errors="0" skipped="0" failures="2">
  <properties>
[...]
</properties>
  <testcase name="FindByIDShouldReturnProduct" classname="com.store.repository.test.ProductRepositoryTest" time="0.024"/>
  <testcase name="FindAllShouldReturnProducts" classname="com.store.repository.test.ProductRepositoryTest" time="0.01">
    <failure message="expected:&lt;-[5]&gt; but was:&lt;-[1]&gt;" type="org.junit.ComparisonFailure"><![CDATA[org.junit.ComparisonFailure: expected:<-[5]> but was:<-[1]>
	at sun.reflect.NativeConstructorAccessorImpl.newInstance0(Native Method)
	at sun.reflect.NativeConstructorAccessorImpl.newInstance(NativeConstructorAccessorImpl.java:62)
	at sun.reflect.DelegatingConstructorAccessorImpl.newInstance(DelegatingConstructorAccessorImpl.java:45)
	at com.store.repository.test.ProductRepositoryTest.FindAllShouldReturnProducts(ProductRepositoryTest.java:102)
]]></failure>
    <system-out><![CDATA[2016-09-01 22:17:24.922  INFO 9648 --- [           main] o.s.t.c.transaction.TransactionContext   : Began transaction (1) for test context [DefaultTestContext@40943a6 testClass = ProductRepositoryTest, testInstance = com.store.repository.test.ProductRepositoryTest@3d3a1903, testMethod = FindAllShouldReturnProducts@ProductRepositoryTest, testException = [null], mergedContextConfiguration = [MergedContextConfiguration@37e0056e testClass = ProductRepositoryTest, locations = '{}', classes = '{class com.store.StoreApplication}', contextInitializerClasses = '[]', activeProfiles = '{}', propertySourceLocations = '{}', propertySourceProperties = '{org.springframework.boot.test.context.SpringBootTestContextBootstrapper=true}', contextCustomizers = set[org.springframework.boot.test.context.ImportsContextCustomizer@45954b81, org.springframework.boot.test.context.filter.ExcludeFilterContextCustomizer@4d3167f4, org.springframework.boot.test.mock.mockito.MockitoContextCustomizer@0, org.springframework.boot.test.autoconfigure.OverrideAutoConfigurationContextCustomizerFactory$DisableAutoConfigurationContextCustomizer@42eca56e, org.springframework.boot.test.autoconfigure.filter.TypeExcludeFiltersContextCustomizer@22a67b4, org.springframework.boot.test.autoconfigure.properties.PropertyMappingContextCustomizer@5eb31aa2], contextLoader = 'org.springframework.boot.test.context.SpringBootContextLoader', parent = [null]]]; transaction manager [org.springframework.orm.jpa.JpaTransactionManager@4751e8b9]; rollback [true]
Hibernate: insert into product (product_id, product_created, product_lastupdate, product_name, product_sku) values (default, ?, ?, ?, ?)
Hibernate: insert into product (product_id, product_created, product_lastupdate, product_name, product_sku) values (default, ?, ?, ?, ?)
Hibernate: insert into product (product_id, product_created, product_lastupdate, product_name, product_sku) values (default, ?, ?, ?, ?)
Hibernate: insert into product (product_id, product_created, product_lastupdate, product_name, product_sku) values (default, ?, ?, ?, ?)
Hibernate: select product0_.product_id as product_1_2_, product0_.product_created as product_2_2_, product0_.product_lastupdate as product_3_2_, product0_.product_name as product_4_2_, product0_.product_sku as product_5_2_ from product product0_
2016-09-01 22:17:24.946  INFO 9648 --- [           main] o.s.t.c.transaction.TransactionContext   : Rolled back transaction for test context [DefaultTestContext@40943a6 testClass = ProductRepositoryTest, testInstance = com.store.repository.test.ProductRepositoryTest@3d3a1903, testMethod = FindAllShouldReturnProducts@ProductRepositoryTest, testException = org.junit.ComparisonFailure: expected:<-[5]> but was:<-[1]>, mergedContextConfiguration = [MergedContextConfiguration@37e0056e testClass = ProductRepositoryTest, locations = '{}', classes = '{class com.store.StoreApplication}', contextInitializerClasses = '[]', activeProfiles = '{}', propertySourceLocations = '{}', propertySourceProperties = '{org.springframework.boot.test.context.SpringBootTestContextBootstrapper=true}', contextCustomizers = set[org.springframework.boot.test.context.ImportsContextCustomizer@45954b81, org.springframework.boot.test.context.filter.ExcludeFilterContextCustomizer@4d3167f4, org.springframework.boot.test.mock.mockito.MockitoContextCustomizer@0, org.springframework.boot.test.autoconfigure.OverrideAutoConfigurationContextCustomizerFactory$DisableAutoConfigurationContextCustomizer@42eca56e, org.springframework.boot.test.autoconfigure.filter.TypeExcludeFiltersContextCustomizer@22a67b4, org.springframework.boot.test.autoconfigure.properties.PropertyMappingContextCustomizer@5eb31aa2], contextLoader = 'org.springframework.boot.test.context.SpringBootContextLoader', parent = [null]]].
]]></system-out>
  </testcase>
  <testcase name="FindByNameShouldReturnProduct" classname="com.store.repository.test.ProductRepositoryTest" time="0.006"/>
  <testcase name="FindBySKUShouldReturnProduct" classname="com.store.repository.test.ProductRepositoryTest" time="0.001">
    <failure message="expected:&lt;-[3]&gt; but was:&lt;-[1]&gt;" type="org.junit.ComparisonFailure"><![CDATA[org.junit.ComparisonFailure: expected:<-[3]> but was:<-[1]>
	at sun.reflect.NativeConstructorAccessorImpl.newInstance0(Native Method)
	at sun.reflect.NativeConstructorAccessorImpl.newInstance(NativeConstructorAccessorImpl.java:62)
	at sun.reflect.DelegatingConstructorAccessorImpl.newInstance(DelegatingConstructorAccessorImpl.java:45)
	at com.store.repository.test.ProductRepositoryTest.FindBySKUShouldReturnProduct(ProductRepositoryTest.java:78)
]]></failure>
    <system-out><![CDATA[2016-09-01 22:17:24.996  INFO 9648 --- [           main] o.s.t.c.transaction.TransactionContext   : Began transaction (1) for test context [DefaultTestContext@40943a6 testClass = ProductRepositoryTest, testInstance = com.store.repository.test.ProductRepositoryTest@217235f5, testMethod = FindBySKUShouldReturnProduct@ProductRepositoryTest, testException = [null], mergedContextConfiguration = [MergedContextConfiguration@37e0056e testClass = ProductRepositoryTest, locations = '{}', classes = '{class com.store.StoreApplication}', contextInitializerClasses = '[]', activeProfiles = '{}', propertySourceLocations = '{}', propertySourceProperties = '{org.springframework.boot.test.context.SpringBootTestContextBootstrapper=true}', contextCustomizers = set[org.springframework.boot.test.context.ImportsContextCustomizer@45954b81, org.springframework.boot.test.context.filter.ExcludeFilterContextCustomizer@4d3167f4, org.springframework.boot.test.mock.mockito.MockitoContextCustomizer@0, org.springframework.boot.test.autoconfigure.OverrideAutoConfigurationContextCustomizerFactory$DisableAutoConfigurationContextCustomizer@42eca56e, org.springframework.boot.test.autoconfigure.filter.TypeExcludeFiltersContextCustomizer@22a67b4, org.springframework.boot.test.autoconfigure.properties.PropertyMappingContextCustomizer@5eb31aa2], contextLoader = 'org.springframework.boot.test.context.SpringBootContextLoader', parent = [null]]]; transaction manager [org.springframework.orm.jpa.JpaTransactionManager@4751e8b9]; rollback [true]
Hibernate: insert into product (product_id, product_created, product_lastupdate, product_name, product_sku) values (default, ?, ?, ?, ?)
Hibernate: insert into product (product_id, product_created, product_lastupdate, product_name, product_sku) values (default, ?, ?, ?, ?)
Hibernate: insert into product (product_id, product_created, product_lastupdate, product_name, product_sku) values (default, ?, ?, ?, ?)
Hibernate: select product0_.product_id as product_1_2_, product0_.product_created as product_2_2_, product0_.product_lastupdate as product_3_2_, product0_.product_name as product_4_2_, product0_.product_sku as product_5_2_ from product product0_ where product0_.product_sku=?
Hibernate: select product0_.product_id as product_1_2_, product0_.product_created as product_2_2_, product0_.product_lastupdate as product_3_2_, product0_.product_name as product_4_2_, product0_.product_sku as product_5_2_ from product product0_ where product0_.product_sku=?
2016-09-01 22:17:25.026  INFO 9648 --- [           main] o.s.t.c.transaction.TransactionContext   : Rolled back transaction for test context [DefaultTestContext@40943a6 testClass = ProductRepositoryTest, testInstance = com.store.repository.test.ProductRepositoryTest@217235f5, testMethod = FindBySKUShouldReturnProduct@ProductRepositoryTest, testException = org.junit.ComparisonFailure: expected:<-[3]> but was:<-[1]>, mergedContextConfiguration = [MergedContextConfiguration@37e0056e testClass = ProductRepositoryTest, locations = '{}', classes = '{class com.store.StoreApplication}', contextInitializerClasses = '[]', activeProfiles = '{}', propertySourceLocations = '{}', propertySourceProperties = '{org.springframework.boot.test.context.SpringBootTestContextBootstrapper=true}', contextCustomizers = set[org.springframework.boot.test.context.ImportsContextCustomizer@45954b81, org.springframework.boot.test.context.filter.ExcludeFilterContextCustomizer@4d3167f4, org.springframework.boot.test.mock.mockito.MockitoContextCustomizer@0, org.springframework.boot.test.autoconfigure.OverrideAutoConfigurationContextCustomizerFactory$DisableAutoConfigurationContextCustomizer@42eca56e, org.springframework.boot.test.autoconfigure.filter.TypeExcludeFiltersContextCustomizer@22a67b4, org.springframework.boot.test.autoconfigure.properties.PropertyMappingContextCustomizer@5eb31aa2], contextLoader = 'org.springframework.boot.test.context.SpringBootContextLoader', parent = [null]]].
]]></system-out>
  </testcase>
</testsuite>